\BOOKMARK [0][-]{chapter.1}{Introduction}{}% 1
\BOOKMARK [0][-]{chapter.2}{Literature Review}{}% 2
\BOOKMARK [1][-]{section.2.1}{Background}{chapter.2}% 3
\BOOKMARK [1][-]{section.2.2}{Walking Robots}{chapter.2}% 4
\BOOKMARK [2][-]{subsection.2.2.1}{Fully actuated bipedal walking robots}{section.2.2}% 5
\BOOKMARK [2][-]{subsection.2.2.2}{Passive dynamic walkers}{section.2.2}% 6
\BOOKMARK [2][-]{subsection.2.2.3}{Underactuated dynamic walkers}{section.2.2}% 7
\BOOKMARK [1][-]{section.2.3}{Feedback Control}{chapter.2}% 8
\BOOKMARK [1][-]{section.2.4}{Motion Planning}{chapter.2}% 9
\BOOKMARK [2][-]{subsection.2.4.1}{Motion planning architectures}{section.2.4}% 10
\BOOKMARK [2][-]{subsection.2.4.2}{Path planning methods}{section.2.4}% 11
\BOOKMARK [1][-]{section.2.5}{Virtual Holonomic Constraints}{chapter.2}% 12
\BOOKMARK [2][-]{subsection.2.5.1}{Hybrid Zero Dynamics \(HZD\)}{section.2.5}% 13
\BOOKMARK [2][-]{subsection.2.5.2}{Selection of motion primitives}{section.2.5}% 14
\BOOKMARK [1][-]{section.2.6}{Conclusion}{chapter.2}% 15
\BOOKMARK [2][-]{subsection.2.6.1}{State of the art}{section.2.6}% 16
\BOOKMARK [2][-]{subsection.2.6.2}{Current gaps in research}{section.2.6}% 17
\BOOKMARK [2][-]{subsection.2.6.3}{Contribution of this thesis work}{section.2.6}% 18
\BOOKMARK [0][-]{chapter.3}{Technical Background}{}% 19
\BOOKMARK [1][-]{section.3.1}{Full actuation and underactuation}{chapter.3}% 20
\BOOKMARK [1][-]{section.3.2}{Nonlinear Optimisation}{chapter.3}% 21
\BOOKMARK [1][-]{section.3.3}{Hybrid Zero Dynamics}{chapter.3}% 22
\BOOKMARK [2][-]{subsection.3.3.1}{Dynamics of a general underactuated walker}{section.3.3}% 23
\BOOKMARK [2][-]{subsection.3.3.2}{Application of virtual constraints and zero dynamics}{section.3.3}% 24
\BOOKMARK [2][-]{subsection.3.3.3}{Partial closed-form solutions for velocity and energy}{section.3.3}% 25
\BOOKMARK [2][-]{subsection.3.3.4}{Impact conditions}{section.3.3}% 26
\BOOKMARK [2][-]{subsection.3.3.5}{B\351zier curves as virtual constraints}{section.3.3}% 27
\BOOKMARK [1][-]{section.3.4}{Motion planning using primitives}{chapter.3}% 28
\BOOKMARK [0][-]{chapter.4}{Virtual Constraint Library}{}% 29
\BOOKMARK [1][-]{section.4.1}{Requirements for a useful library}{chapter.4}% 30
\BOOKMARK [2][-]{subsection.4.1.1}{Physical requirements}{section.4.1}% 31
\BOOKMARK [2][-]{subsection.4.1.2}{Algorithmic requirements}{section.4.1}% 32
\BOOKMARK [2][-]{subsection.4.1.3}{Practical considerations}{section.4.1}% 33
\BOOKMARK [1][-]{section.4.2}{Data stored per constraint}{chapter.4}% 34
\BOOKMARK [1][-]{section.4.3}{Graphical interface for constraint design}{chapter.4}% 35
\BOOKMARK [1][-]{section.4.4}{Automatic generation of constraints}{chapter.4}% 36
\BOOKMARK [2][-]{subsection.4.4.1}{Optimisation of a single constraint}{section.4.4}% 37
\BOOKMARK [2][-]{subsection.4.4.2}{Library generation}{section.4.4}% 38
\BOOKMARK [1][-]{section.4.5}{Ordering methods}{chapter.4}% 39
\BOOKMARK [0][-]{chapter.5}{Algorithm Design}{}% 40
\BOOKMARK [0][-]{chapter.6}{Simulation}{}% 41
\BOOKMARK [1][-]{section.6.1}{Design of simulator}{chapter.6}% 42
\BOOKMARK [1][-]{section.6.2}{Simulink Model}{chapter.6}% 43
\BOOKMARK [1][-]{section.6.3}{Compass-Gait \(2-link\) walker}{chapter.6}% 44
\BOOKMARK [1][-]{section.6.4}{5-link walker}{chapter.6}% 45
\BOOKMARK [0][-]{chapter.7}{Results}{}% 46
\BOOKMARK [0][-]{chapter.8}{Discussion}{}% 47
\BOOKMARK [1][-]{section.8.1}{Outcomes of study}{chapter.8}% 48
\BOOKMARK [1][-]{section.8.2}{Advantages of virtual constraints method}{chapter.8}% 49
\BOOKMARK [1][-]{section.8.3}{Limitations of virtual constraints method}{chapter.8}% 50
\BOOKMARK [1][-]{section.8.4}{Future work}{chapter.8}% 51
\BOOKMARK [0][-]{chapter.9}{References}{}% 52
\BOOKMARK [0][-]{section*.4}{Appendices}{}% 53
\BOOKMARK [0][-]{Appendix.a.A}{Worked example: compass-gait}{}% 54
\BOOKMARK [1][-]{section.a.A.1}{Continuous phase dynamics}{Appendix.a.A}% 55
\BOOKMARK [1][-]{section.a.A.2}{Impact dynamics}{Appendix.a.A}% 56
\BOOKMARK [1][-]{section.a.A.3}{Application of virtual constraints}{Appendix.a.A}% 57
\BOOKMARK [1][-]{section.a.A.4}{Optimisation of single constraint}{Appendix.a.A}% 58
\BOOKMARK [1][-]{section.a.A.5}{Optimisation of library of constraints}{Appendix.a.A}% 59
\BOOKMARK [0][-]{Appendix.a.B}{Numerical integration method}{}% 60
