\BOOKMARK [0][-]{chapter.1}{Introduction}{}% 1
\BOOKMARK [0][-]{chapter.2}{Literature Review}{}% 2
\BOOKMARK [1][-]{section.2.1}{Background}{chapter.2}% 3
\BOOKMARK [1][-]{section.2.2}{Walking Robots}{chapter.2}% 4
\BOOKMARK [2][-]{subsection.2.2.1}{Fully actuated bipedal walking robots}{section.2.2}% 5
\BOOKMARK [2][-]{subsection.2.2.2}{Passive dynamic walkers}{section.2.2}% 6
\BOOKMARK [2][-]{subsection.2.2.3}{Underactuated dynamic walkers}{section.2.2}% 7
\BOOKMARK [1][-]{section.2.3}{Feedback Control}{chapter.2}% 8
\BOOKMARK [1][-]{section.2.4}{Motion Planning}{chapter.2}% 9
\BOOKMARK [2][-]{subsection.2.4.1}{Motion planning architectures}{section.2.4}% 10
\BOOKMARK [2][-]{subsection.2.4.2}{Path planning methods}{section.2.4}% 11
\BOOKMARK [1][-]{section.2.5}{Virtual Holonomic Constraints}{chapter.2}% 12
\BOOKMARK [2][-]{subsection.2.5.1}{Hybrid Zero Dynamics \(HZD\)}{section.2.5}% 13
\BOOKMARK [2][-]{subsection.2.5.2}{Selection of motion primitives}{section.2.5}% 14
\BOOKMARK [1][-]{section.2.6}{Conclusion}{chapter.2}% 15
\BOOKMARK [2][-]{subsection.2.6.1}{State of the art}{section.2.6}% 16
\BOOKMARK [2][-]{subsection.2.6.2}{Current gaps in research}{section.2.6}% 17
\BOOKMARK [2][-]{subsection.2.6.3}{Contribution of this thesis work}{section.2.6}% 18
\BOOKMARK [0][-]{chapter.3}{Technical Background}{}% 19
\BOOKMARK [1][-]{section.3.1}{Full actuation and underactuation}{chapter.3}% 20
\BOOKMARK [1][-]{section.3.2}{Hybrid Zero Dynamics}{chapter.3}% 21
\BOOKMARK [2][-]{subsection.3.2.1}{Dynamics of a general underactuated walker}{section.3.2}% 22
\BOOKMARK [2][-]{subsection.3.2.2}{Application of virtual constraints and zero dynamics}{section.3.2}% 23
\BOOKMARK [2][-]{subsection.3.2.3}{Partial closed-form solutions for velocity and energy}{section.3.2}% 24
\BOOKMARK [1][-]{section.3.3}{B\351zier curves as virtual constraints}{chapter.3}% 25
\BOOKMARK [0][-]{chapter.4}{Progress Report}{}% 26
